# JRE version: OpenJDK Runtime Environment (17.0.6) (build 17.0.6+0-b2043.56-9586694)
# Java VM: OpenJDK 64-Bit Server VM (17.0.6+0-b2043.56-9586694, mixed mode, tiered, compressed oops, compressed class ptrs, g1 gc, windows-amd64)
GC Precious Log:
 CPUs: 8 total, 8 available
 Memory: 16295M
 Large Page Support: Disabled
 NUMA Support: Disabled
 Compressed Oops: Enabled (Zero based)
 Heap Region Size: 2M
 Heap Min Capacity: 8M
 Heap Initial Capacity: 256M
 Heap Max Capacity: 4074M
 Pre-touch: Disabled
 Parallel Workers: 8
 Concurrent Workers: 2
 Concurrent Refinement Workers: 8
 Periodic GC: Disabled
Heap:
 garbage-first heap   total 262144K, used 164376K [0x0000000701600000, 0x0000000800000000)
  region size 2048K, 4 young (8192K), 4 survivors (8192K)
 Metaspace       used 72689K, committed 73088K, reserved 1114112K
  class space    used 8279K, committed 8448K, reserved 1048576K
GC Heap History (20 events):
Event: 12.438 GC heap after
{Heap after GC invocations=18 (full 0):
 garbage-first heap   total 190464K, used 97119K [0x0000000701600000, 0x0000000800000000)
  region size 2048K, 4 young (8192K), 4 survivors (8192K)
 Metaspace       used 64932K, committed 65280K, reserved 1114112K
  class space    used 7482K, committed 7616K, reserved 1048576K
}
Event: 13.856 GC heap before
{Heap before GC invocations=18 (full 0):
 garbage-first heap   total 190464K, used 144223K [0x0000000701600000, 0x0000000800000000)
  region size 2048K, 27 young (55296K), 4 survivors (8192K)
 Metaspace       used 66159K, committed 66496K, reserved 1114112K
  class space    used 7603K, committed 7744K, reserved 1048576K
}
Event: 13.876 GC heap after
{Heap after GC invocations=19 (full 0):
 garbage-first heap   total 190464K, used 104629K [0x0000000701600000, 0x0000000800000000)
  region size 2048K, 4 young (8192K), 4 survivors (8192K)
 Metaspace       used 66159K, committed 66496K, reserved 1114112K
  class space    used 7603K, committed 7744K, reserved 1048576K
}
Event: 15.644 GC heap before
{Heap before GC invocations=20 (full 0):
 garbage-first heap   total 190464K, used 147637K [0x0000000701600000, 0x0000000800000000)
  region size 2048K, 25 young (51200K), 4 survivors (8192K)
 Metaspace       used 67860K, committed 68160K, reserved 1114112K
  class space    used 7762K, committed 7936K, reserved 1048576K
}
Event: 15.661 GC heap after
{Heap after GC invocations=21 (full 0):
 garbage-first heap   total 190464K, used 112366K [0x0000000701600000, 0x0000000800000000)
  region size 2048K, 4 young (8192K), 4 survivors (8192K)
 Metaspace       used 67860K, committed 68160K, reserved 1114112K
  class space    used 7762K, committed 7936K, reserved 1048576K
}
Event: 16.743 GC heap before
{Heap before GC invocations=21 (full 0):
 garbage-first heap   total 190464K, used 151278K [0x0000000701600000, 0x0000000800000000)
  region size 2048K, 23 young (47104K), 4 survivors (8192K)
 Metaspace       used 69022K, committed 69312K, reserved 1114112K
  class space    used 7854K, committed 8000K, reserved 1048576K
}
Event: 16.758 GC heap after
{Heap after GC invocations=22 (full 0):
 garbage-first heap   total 190464K, used 118512K [0x0000000701600000, 0x0000000800000000)
  region size 2048K, 3 young (6144K), 3 survivors (6144K)
 Metaspace       used 69022K, committed 69312K, reserved 1114112K
  class space    used 7854K, committed 8000K, reserved 1048576K
}
Event: 18.201 GC heap before
{Heap before GC invocations=23 (full 0):
 garbage-first heap   total 212992K, used 153328K [0x0000000701600000, 0x0000000800000000)
  region size 2048K, 20 young (40960K), 3 survivors (6144K)
 Metaspace       used 70843K, committed 71232K, reserved 1114112K
  class space    used 8167K, committed 8320K, reserved 1048576K
}
Event: 18.214 GC heap after
{Heap after GC invocations=24 (full 0):
 garbage-first heap   total 212992K, used 125146K [0x0000000701600000, 0x0000000800000000)
  region size 2048K, 3 young (6144K), 3 survivors (6144K)
 Metaspace       used 70843K, committed 71232K, reserved 1114112K
  class space    used 8167K, committed 8320K, reserved 1048576K
}
Event: 18.398 GC heap before
{Heap before GC invocations=24 (full 0):
 garbage-first heap   total 212992K, used 129242K [0x0000000701600000, 0x0000000800000000)
  region size 2048K, 5 young (10240K), 3 survivors (6144K)
 Metaspace       used 70891K, committed 71232K, reserved 1114112K
  class space    used 8168K, committed 8320K, reserved 1048576K
}
Event: 18.408 GC heap after
{Heap after GC invocations=25 (full 0):
 garbage-first heap   total 260096K, used 125226K [0x0000000701600000, 0x0000000800000000)
  region size 2048K, 1 young (2048K), 1 survivors (2048K)
 Metaspace       used 70891K, committed 71232K, reserved 1114112K
  class space    used 8168K, committed 8320K, reserved 1048576K
}
Event: 21.018 GC heap before
{Heap before GC invocations=25 (full 0):
 garbage-first heap   total 260096K, used 198954K [0x0000000701600000, 0x0000000800000000)
  region size 2048K, 37 young (75776K), 1 survivors (2048K)
 Metaspace       used 71736K, committed 72064K, reserved 1114112K
  class space    used 8219K, committed 8384K, reserved 1048576K
}
Event: 21.031 GC heap after
{Heap after GC invocations=26 (full 0):
 garbage-first heap   total 260096K, used 133798K [0x0000000701600000, 0x0000000800000000)
  region size 2048K, 5 young (10240K), 5 survivors (10240K)
 Metaspace       used 71736K, committed 72064K, reserved 1114112K
  class space    used 8219K, committed 8384K, reserved 1048576K
}
Event: 23.007 GC heap before
{Heap before GC invocations=27 (full 0):
 garbage-first heap   total 260096K, used 203430K [0x0000000701600000, 0x0000000800000000)
  region size 2048K, 39 young (79872K), 5 survivors (10240K)
 Metaspace       used 72038K, committed 72384K, reserved 1114112K
  class space    used 8241K, committed 8384K, reserved 1048576K
}
Event: 23.031 GC heap after
{Heap after GC invocations=28 (full 0):
 garbage-first heap   total 260096K, used 144162K [0x0000000701600000, 0x0000000800000000)
  region size 2048K, 5 young (10240K), 5 survivors (10240K)
 Metaspace       used 72038K, committed 72384K, reserved 1114112K
  class space    used 8241K, committed 8384K, reserved 1048576K
}
Event: 23.072 GC heap before
{Heap before GC invocations=28 (full 0):
 garbage-first heap   total 260096K, used 146210K [0x0000000701600000, 0x0000000800000000)
  region size 2048K, 6 young (12288K), 5 survivors (10240K)
 Metaspace       used 72290K, committed 72576K, reserved 1114112K
  class space    used 8270K, committed 8384K, reserved 1048576K
}
Event: 23.084 GC heap after
{Heap after GC invocations=29 (full 0):
 garbage-first heap   total 260096K, used 145474K [0x0000000701600000, 0x0000000800000000)
  region size 2048K, 1 young (2048K), 1 survivors (2048K)
 Metaspace       used 72290K, committed 72576K, reserved 1114112K
  class space    used 8270K, committed 8384K, reserved 1048576K
}
Event: 23.947 GC heap before
{Heap before GC invocations=29 (full 0):
 garbage-first heap   total 260096K, used 206914K [0x0000000701600000, 0x0000000800000000)
  region size 2048K, 31 young (63488K), 1 survivors (2048K)
 Metaspace       used 72552K, committed 72960K, reserved 1114112K
  class space    used 8277K, committed 8448K, reserved 1048576K
}
Event: 23.960 GC heap after
{Heap after GC invocations=30 (full 0):
 garbage-first heap   total 260096K, used 154971K [0x0000000701600000, 0x0000000800000000)
  region size 2048K, 4 young (8192K), 4 survivors (8192K)
 Metaspace       used 72552K, committed 72960K, reserved 1114112K
  class space    used 8277K, committed 8448K, reserved 1048576K
}
Event: 24.700 GC heap before
{Heap before GC invocations=30 (full 0):
 garbage-first heap   total 260096K, used 210267K [0x0000000701600000, 0x0000000800000000)
  region size 2048K, 31 young (63488K), 4 survivors (8192K)
 Metaspace       used 72689K, committed 73088K, reserved 1114112K
  class space    used 8279K, committed 8448K, reserved 1048576K
}

